<hello>100 â‚¬uro</hello>
